<?xml version="1.0" encoding="UTF-8"?>
<!-- Generated by org.testng.reporters.JUnitReportReporter -->
<testsuite skipped="0" hostname="Chongs-MacBook-Air.local" name="com.users.validator.validation.EmailValidatorTest" tests="12" failures="0" timestamp="24 Mar 2025 22:12:24 GMT" time="0.059" errors="0">
  <testcase name="testValidEmailAddress" time="0.016" classname="com.users.validator.validation.EmailValidatorTest"/>
  <testcase name="testContainDotAddressField" time="0.003" classname="com.users.validator.validation.EmailValidatorTest"/>
  <testcase name="testSubDomainAddress" time="0.006" classname="com.users.validator.validation.EmailValidatorTest"/>
  <testcase name="testValidPlusSign" time="0.003" classname="com.users.validator.validation.EmailValidatorTest"/>
  <testcase name="testDigitAddress" time="0.002" classname="com.users.validator.validation.EmailValidatorTest"/>
  <testcase name="testDashDomain" time="0.004" classname="com.users.validator.validation.EmailValidatorTest"/>
  <testcase name="testUnderscoreAddressField" time="0.006" classname="com.users.validator.validation.EmailValidatorTest"/>
  <testcase name="testDashAddress" time="0.005" classname="com.users.validator.validation.EmailValidatorTest"/>
  <testcase name="testnameDomainName" time="0.002" classname="com.users.validator.validation.EmailValidatorTest"/>
  <testcase name="testAsiaDomainName" time="0.005" classname="com.users.validator.validation.EmailValidatorTest"/>
  <testcase name="testMissingDomain" time="0.006" classname="com.users.validator.validation.EmailValidatorTest"/>
  <testcase name="testMissingUserName" time="0.001" classname="com.users.validator.validation.EmailValidatorTest"/>
</testsuite> <!-- com.users.validator.validation.EmailValidatorTest -->
