<?xml version="1.0" encoding="UTF-8"?>
<!-- Generated by org.testng.reporters.JUnitReportReporter -->
<testsuite skipped="0" hostname="Chongs-MacBook-Air.local" name="com.users.validator.validation.NameValidatorTest" tests="10" failures="0" timestamp="24 Mar 2025 22:12:45 GMT" time="0.046" errors="0">
  <testcase name="testCheckForOneAlphabet" time="0.017" classname="com.users.validator.validation.NameValidatorTest"/>
  <testcase name="testCheckForOneNonAlphabet" time="0.003" classname="com.users.validator.validation.NameValidatorTest"/>
  <testcase name="testCheckForLetter" time="0.002" classname="com.users.validator.validation.NameValidatorTest"/>
  <testcase name="testCheckForNumbers" time="0.003" classname="com.users.validator.validation.NameValidatorTest"/>
  <testcase name="testCheckForNonLetters" time="0.003" classname="com.users.validator.validation.NameValidatorTest"/>
  <testcase name="testCheckForWhiteSpace" time="0.003" classname="com.users.validator.validation.NameValidatorTest"/>
  <testcase name="testCheckForPunctuation" time="0.002" classname="com.users.validator.validation.NameValidatorTest"/>
  <testcase name="testCheckForNonASCII" time="0.007" classname="com.users.validator.validation.NameValidatorTest"/>
  <testcase name="testCheckForOtherNonASCII" time="0.004" classname="com.users.validator.validation.NameValidatorTest"/>
  <testcase name="testCheckForOtherNonLetters" time="0.002" classname="com.users.validator.validation.NameValidatorTest"/>
</testsuite> <!-- com.users.validator.validation.NameValidatorTest -->
