<?xml version="1.0" encoding="UTF-8"?>
<!-- Generated by org.testng.reporters.JUnitReportReporter -->
<testsuite skipped="0" hostname="Chongs-MacBook-Air.local" name="com.users.validator.validation.FieldsValidatorTest" tests="3" failures="0" timestamp="24 Mar 2025 22:12:35 GMT" time="0.043" errors="0">
  <testcase name="warningMsgGreaterThanMaximumCharacters" time="0.006" classname="com.users.validator.validation.FieldsValidatorTest"/>
  <testcase name="noWarningMsgEqualToMaximumCharacters" time="0.018" classname="com.users.validator.validation.FieldsValidatorTest"/>
  <testcase name="noWarningMsgLessThanMaximumCharacters" time="0.019" classname="com.users.validator.validation.FieldsValidatorTest"/>
</testsuite> <!-- com.users.validator.validation.FieldsValidatorTest -->
